{"name": "test_search_by_title", "status": "failed", "statusDetails": {"message": "AssertionError: assert 0 > 0\n +  where 0 = <bound method DiscoverPage.get_movie_count of <src.pages.discover_page.DiscoverPage object at 0x105ebaeb0>>()\n +    where <bound method DiscoverPage.get_movie_count of <src.pages.discover_page.DiscoverPage object at 0x105ebaeb0>> = <src.pages.discover_page.DiscoverPage object at 0x105ebaeb0>.get_movie_count\n +      where <src.pages.discover_page.DiscoverPage object at 0x105ebaeb0> = <test_filtering.TestFiltering object at 0x105b290a0>.discover_page", "trace": "self = <test_filtering.TestFiltering object at 0x105b290a0>\n\n    def test_search_by_title(self):\n        \"\"\"Test search functionality by movie title\"\"\"\n        self.logger.info(\"Testing search functionality\")\n        self.discover_page.search_movie(\"avatar\")\n>       assert self.discover_page.get_movie_count() > 0\nE       assert 0 > 0\nE        +  where 0 = <bound method DiscoverPage.get_movie_count of <src.pages.discover_page.DiscoverPage object at 0x105ebaeb0>>()\nE        +    where <bound method DiscoverPage.get_movie_count of <src.pages.discover_page.DiscoverPage object at 0x105ebaeb0>> = <src.pages.discover_page.DiscoverPage object at 0x105ebaeb0>.get_movie_count\nE        +      where <src.pages.discover_page.DiscoverPage object at 0x105ebaeb0> = <test_filtering.TestFiltering object at 0x105b290a0>.discover_page\n\nsrc/tests/test_filtering.py:32: AssertionError"}, "description": "Test search functionality by movie title", "attachments": [{"name": "log", "source": "4d707c46-1bb0-4c83-9e78-cfa8cba11e11-attachment.txt", "type": "text/plain"}], "start": 1762367472853, "stop": 1762367498367, "uuid": "6ce86da6-26ad-4119-91b9-f542d20c4638", "historyId": "5c0d0be4e1884872918ca90d79b80777", "testCaseId": "5c0d0be4e1884872918ca90d79b80777", "fullName": "src.tests.test_filtering.TestFiltering#test_search_by_title", "labels": [{"name": "parentSuite", "value": "src.tests"}, {"name": "suite", "value": "test_filtering"}, {"name": "subSuite", "value": "TestFiltering"}, {"name": "host", "value": "Aravinds-MacBook-Air.local"}, {"name": "thread", "value": "10408-MainThread"}, {"name": "framework", "value": "pytest"}, {"name": "language", "value": "cpython3"}, {"name": "package", "value": "src.tests.test_filtering"}]}