{"name": "test_category_filter_trending", "status": "broken", "statusDetails": {"message": "selenium.common.exceptions.NoSuchWindowException: Message: no such window: target window already closed\nfrom unknown error: web view not found\n  (Session info: chrome=142.0.7444.60)\nStacktrace:\n0   chromedriver                        0x00000001030633b8 cxxbridge1$str$ptr + 2941356\n1   chromedriver                        0x000000010305b074 cxxbridge1$str$ptr + 2907752\n2   chromedriver                        0x0000000102b722c4 _RNvCsgXDX2mvAJAg_7___rustc35___rust_no_alloc_shim_is_unstable_v2 + 74028\n3   chromedriver                        0x0000000102b4bd08 chromedriver + 146696\n4   chromedriver                        0x0000000102be1c48 _RNvCsgXDX2mvAJAg_7___rustc35___rust_no_alloc_shim_is_unstable_v2 + 531120\n5   chromedriver                        0x0000000102bfa8e4 _RNvCsgXDX2mvAJAg_7___rustc35___rust_no_alloc_shim_is_unstable_v2 + 632652\n6   chromedriver                        0x0000000102badf18 _RNvCsgXDX2mvAJAg_7___rustc35___rust_no_alloc_shim_is_unstable_v2 + 318848\n7   chromedriver                        0x00000001030257fc cxxbridge1$str$ptr + 2688496\n8   chromedriver                        0x0000000103029018 cxxbridge1$str$ptr + 2702860\n9   chromedriver                        0x0000000103006614 cxxbridge1$str$ptr + 2561032\n10  chromedriver                        0x00000001030298f0 cxxbridge1$str$ptr + 2705124\n11  chromedriver                        0x0000000102ff7eb4 cxxbridge1$str$ptr + 2501800\n12  chromedriver                        0x0000000103049a20 cxxbridge1$str$ptr + 2836500\n13  chromedriver                        0x0000000103049ba4 cxxbridge1$str$ptr + 2836888\n14  chromedriver                        0x000000010305acc4 cxxbridge1$str$ptr + 2906808\n15  libsystem_pthread.dylib             0x000000018255fbc8 _pthread_start + 136\n16  libsystem_pthread.dylib             0x000000018255ab80 thread_start + 8", "trace": "self = <test_filtering.TestFiltering object at 0x105a85f10>\n\n    def test_category_filter_trending(self):\n        \"\"\"Test filtering by Trending category\"\"\"\n        self.logger.info(\"Testing Trending category filter\")\n        self.discover_page.select_category(\"Trending\")\n>       assert \"trending\" in self.discover_page.get_current_url().lower()\n\nsrc/tests/test_filtering.py:24: \n_ _ _ _ _ _ _ _ _ _ _ _ _ _ _ _ _ _ _ _ _ _ _ _ _ _ _ _ _ _ _ _ _ _ _ _ _ _ _ _ \nsrc/pages/discover_page.py:31: in get_current_url\n    return self.driver.current_url\n../../Library/Python/3.9/lib/python/site-packages/selenium/webdriver/remote/webdriver.py:436: in current_url\n    return self.execute(Command.GET_CURRENT_URL)[\"value\"]\n../../Library/Python/3.9/lib/python/site-packages/selenium/webdriver/remote/webdriver.py:346: in execute\n    self.error_handler.check_response(response)\n_ _ _ _ _ _ _ _ _ _ _ _ _ _ _ _ _ _ _ _ _ _ _ _ _ _ _ _ _ _ _ _ _ _ _ _ _ _ _ _ \n\nself = <selenium.webdriver.remote.errorhandler.ErrorHandler object at 0x105e10af0>\nresponse = {'status': 404, 'value': '{\"value\":{\"error\":\"no such window\",\"message\":\"no such window: target window already closed\\\\...00018255fbc8 _pthread_start + 136\\\\n16  libsystem_pthread.dylib             0x000000018255ab80 thread_start + 8\\\\n\"}}'}\n\n    def check_response(self, response: Dict[str, Any]) -> None:\n        \"\"\"Checks that a JSON response from the WebDriver does not have an\n        error.\n    \n        :Args:\n         - response - The JSON response from the WebDriver server as a dictionary\n           object.\n    \n        :Raises: If the response contains an error message.\n        \"\"\"\n        status = response.get(\"status\", None)\n        if not status or status == ErrorCode.SUCCESS:\n            return\n        value = None\n        message = response.get(\"message\", \"\")\n        screen: str = response.get(\"screen\", \"\")\n        stacktrace = None\n        if isinstance(status, int):\n            value_json = response.get(\"value\", None)\n            if value_json and isinstance(value_json, str):\n                import json\n    \n                try:\n                    value = json.loads(value_json)\n                    if len(value) == 1:\n                        value = value[\"value\"]\n                    status = value.get(\"error\", None)\n                    if not status:\n                        status = value.get(\"status\", ErrorCode.UNKNOWN_ERROR)\n                        message = value.get(\"value\") or value.get(\"message\")\n                        if not isinstance(message, str):\n                            value = message\n                            message = message.get(\"message\")\n                    else:\n                        message = value.get(\"message\", None)\n                except ValueError:\n                    pass\n    \n        exception_class: Type[WebDriverException]\n        e = ErrorCode()\n        error_codes = [item for item in dir(e) if not item.startswith(\"__\")]\n        for error_code in error_codes:\n            error_info = getattr(ErrorCode, error_code)\n            if isinstance(error_info, list) and status in error_info:\n                exception_class = getattr(ExceptionMapping, error_code, WebDriverException)\n                break\n        else:\n            exception_class = WebDriverException\n    \n        if not value:\n            value = response[\"value\"]\n        if isinstance(value, str):\n            raise exception_class(value)\n        if message == \"\" and \"message\" in value:\n            message = value[\"message\"]\n    \n        screen = None  # type: ignore[assignment]\n        if \"screen\" in value:\n            screen = value[\"screen\"]\n    \n        stacktrace = None\n        st_value = value.get(\"stackTrace\") or value.get(\"stacktrace\")\n        if st_value:\n            if isinstance(st_value, str):\n                stacktrace = st_value.split(\"\\n\")\n            else:\n                stacktrace = []\n                try:\n                    for frame in st_value:\n                        line = frame.get(\"lineNumber\", \"\")\n                        file = frame.get(\"fileName\", \"<anonymous>\")\n                        if line:\n                            file = f\"{file}:{line}\"\n                        meth = frame.get(\"methodName\", \"<anonymous>\")\n                        if \"className\" in frame:\n                            meth = f\"{frame['className']}.{meth}\"\n                        msg = \"    at %s (%s)\"\n                        msg = msg % (meth, file)\n                        stacktrace.append(msg)\n                except TypeError:\n                    pass\n        if exception_class == UnexpectedAlertPresentException:\n            alert_text = None\n            if \"data\" in value:\n                alert_text = value[\"data\"].get(\"text\")\n            elif \"alert\" in value:\n                alert_text = value[\"alert\"].get(\"text\")\n            raise exception_class(message, screen, stacktrace, alert_text)  # type: ignore[call-arg]  # mypy is not smart enough here\n>       raise exception_class(message, screen, stacktrace)\nE       selenium.common.exceptions.NoSuchWindowException: Message: no such window: target window already closed\nE       from unknown error: web view not found\nE         (Session info: chrome=142.0.7444.60)\nE       Stacktrace:\nE       0   chromedriver                        0x00000001030633b8 cxxbridge1$str$ptr + 2941356\nE       1   chromedriver                        0x000000010305b074 cxxbridge1$str$ptr + 2907752\nE       2   chromedriver                        0x0000000102b722c4 _RNvCsgXDX2mvAJAg_7___rustc35___rust_no_alloc_shim_is_unstable_v2 + 74028\nE       3   chromedriver                        0x0000000102b4bd08 chromedriver + 146696\nE       4   chromedriver                        0x0000000102be1c48 _RNvCsgXDX2mvAJAg_7___rustc35___rust_no_alloc_shim_is_unstable_v2 + 531120\nE       5   chromedriver                        0x0000000102bfa8e4 _RNvCsgXDX2mvAJAg_7___rustc35___rust_no_alloc_shim_is_unstable_v2 + 632652\nE       6   chromedriver                        0x0000000102badf18 _RNvCsgXDX2mvAJAg_7___rustc35___rust_no_alloc_shim_is_unstable_v2 + 318848\nE       7   chromedriver                        0x00000001030257fc cxxbridge1$str$ptr + 2688496\nE       8   chromedriver                        0x0000000103029018 cxxbridge1$str$ptr + 2702860\nE       9   chromedriver                        0x0000000103006614 cxxbridge1$str$ptr + 2561032\nE       10  chromedriver                        0x00000001030298f0 cxxbridge1$str$ptr + 2705124\nE       11  chromedriver                        0x0000000102ff7eb4 cxxbridge1$str$ptr + 2501800\nE       12  chromedriver                        0x0000000103049a20 cxxbridge1$str$ptr + 2836500\nE       13  chromedriver                        0x0000000103049ba4 cxxbridge1$str$ptr + 2836888\nE       14  chromedriver                        0x000000010305acc4 cxxbridge1$str$ptr + 2906808\nE       15  libsystem_pthread.dylib             0x000000018255fbc8 _pthread_start + 136\nE       16  libsystem_pthread.dylib             0x000000018255ab80 thread_start + 8\n\n../../Library/Python/3.9/lib/python/site-packages/selenium/webdriver/remote/errorhandler.py:229: NoSuchWindowException"}, "description": "Test filtering by Trending category", "attachments": [{"name": "log", "source": "4dbfc762-60f0-408e-a502-15e3a486b8f7-attachment.txt", "type": "text/plain"}], "start": 1762367467452, "stop": 1762367467456, "uuid": "82e0fcb7-76bd-4e3b-bd4e-220a4bb5df1d", "historyId": "80a4701cdaa19ae748905f2f6297c46e", "testCaseId": "80a4701cdaa19ae748905f2f6297c46e", "fullName": "src.tests.test_filtering.TestFiltering#test_category_filter_trending", "labels": [{"name": "parentSuite", "value": "src.tests"}, {"name": "suite", "value": "test_filtering"}, {"name": "subSuite", "value": "TestFiltering"}, {"name": "host", "value": "Aravinds-MacBook-Air.local"}, {"name": "thread", "value": "10408-MainThread"}, {"name": "framework", "value": "pytest"}, {"name": "language", "value": "cpython3"}, {"name": "package", "value": "src.tests.test_filtering"}]}